<?xml version="1.0" encoding="UTF-8"?>
<testsuite xmlns:xsi="http://www.w3.org/2001/XMLSchema-instance" xsi:noNamespaceSchemaLocation="https://maven.apache.org/surefire/maven-surefire-plugin/xsd/surefire-test-report-3.0.xsd" version="3.0" name="com.roadregistry.PersonUpdaterTest" time="0.062" tests="5" errors="0" skipped="0" failures="0">
  <properties>
[...]
</properties>
  <testcase name="testValidUpdateForAdult" classname="com.roadregistry.PersonUpdaterTest" time="0.038"/>
  <testcase name="testUnder18CannotChangeAddress" classname="com.roadregistry.PersonUpdaterTest" time="0.002"/>
  <testcase name="testEvenDigitIDCannotBeChanged" classname="com.roadregistry.PersonUpdaterTest" time="0.002"/>
  <testcase name="testBirthdayChangedButOtherFieldsAlsoChanged" classname="com.roadregistry.PersonUpdaterTest" time="0.002"/>
  <testcase name="testOnlyBirthdayChangedAllowed" classname="com.roadregistry.PersonUpdaterTest" time="0.002"/>
</testsuite>